/opt/cadence/XCELIUM1909/tools.lnx86/inca/bin/xmsim
Obtained 47 stack frames.
/opt/cadence/XCELIUM1909/tools.lnx86/inca/bin/../../lib/libcbreakpad.so(_Z13use_backtracev+0xa1) [0xf72f27bd]
/opt/cadence/XCELIUM1909/tools.lnx86/inca/bin/../../lib/libcbreakpad.so(cbpad_generate_dump_on_demand+0x84) [0xf72f2b34]
xmsim() [0x90e597d]
xmsim(serror+0x1a) [0x90e6cfa]
xmsim() [0x8541d98]
[0xf7721410]
xmsim() [0x85c757a]
xmsim() [0x85bedd7]
xmsim() [0x86b58fd]
xmsim() [0x8c2c59a]
xmsim() [0x8c358a9]
xmsim() [0x8c7434a]
xmsim(sslu_traverse_scopes+0xd70) [0x8749310]
xmsim() [0x8c561fd]
xmsim() [0x8c75ebd]
xmsim() [0x8175561]
xmsim() [0x80f1307]
xmsim() [0x80f198d]
xmsim() [0x80f1c21]
[0xf7721410]
xmsim() [0x90cd4b0]
[0xf7721400]
[0xf7721430]
/lib/libc.so.6(kill+0x16) [0xf7360596]
xmsim() [0x8d0882c]
xmsim() [0x810368d]
xmsim(simcmd_run+0x707) [0x81057b6]
xmsim() [0x810604b]
xmsim() [0x848ba22]
xmsim(TclInvokeStringCommand+0x7c) [0x8ab106c]
xmsim() [0x8ab0af5]
xmsim() [0x8ab6483]
xmsim(Tcl_EvalObjv+0x3d) [0x8ab64fd]
xmsim() [0x8ab8aa3]
xmsim(Tcl_EvalEx+0x1e) [0x8ab8efe]
xmsim() [0x8ab90b5]
xmsim() [0x8ab9314]
xmsim(Tcl_EvalObjEx+0x24) [0x8ab9354]
xmsim(Tcl_RecordAndEvalObj+0xc4) [0x8b59f04]
xmsim(Tcl_RecordAndEval+0x44) [0x8b5a0e4]
xmsim() [0x8490341]
xmsim() [0x80e0887]
xmsim() [0x80ef67e]
xmsim(ncmain+0x96) [0x80e25ff]
xmsim(main+0x24) [0x97b3498]
/lib/libc.so.6(__libc_start_main+0xf3) [0xf734b2d3]
xmsim() [0x8081d0d]
