/opt/cadence/XCELIUM1909/tools.lnx86/inca/bin/xmsim
Obtained 21 stack frames.
/opt/cadence/XCELIUM1909/tools.lnx86/inca/bin/../../lib/libcbreakpad.so(_Z13use_backtracev+0xa1) [0xf72da7bd]
/opt/cadence/XCELIUM1909/tools.lnx86/inca/bin/../../lib/libcbreakpad.so(cbpad_generate_dump_on_demand+0x84) [0xf72dab34]
xmsim() [0x90e597d]
xmsim(serror+0x1a) [0x90e6cfa]
xmsim() [0x8541d98]
[0xf7709410]
xmsim() [0x85c757a]
xmsim() [0x85bedd7]
xmsim() [0x86b58fd]
xmsim() [0x8c2c59a]
xmsim() [0x8c358a9]
xmsim() [0x8c7434a]
xmsim(sslu_traverse_scopes+0xd70) [0x8749310]
xmsim() [0x8c561fd]
xmsim() [0x8c75ebd]
xmsim() [0x8175561]
xmsim() [0x80f1307]
xmsim() [0x80f198d]
xmsim() [0x80f1c21]
[0xf7709410]
[0xf6835324]
